Flutter crash report; please file at https://github.com/flutter/flutter/issues.

## command

flutter --no-color run --machine --track-widget-creation --device-id=2e3d4ad3 lib\main.dart

## exception

SocketException: SocketException: Write failed (OS Error: The pipe is being closed.
, errno = 232), port = 0

```
null```

## flutter doctor

```
[✓] Flutter (Channel stable, v1.7.8+hotfix.4, on Microsoft Windows [Version 10.0.17134.885], locale en-US)
    • Flutter version 1.7.8+hotfix.4 at C:\src\flutter
    • Framework revision 20e59316b8 (2 weeks ago), 2019-07-18 20:04:33 -0700
    • Engine revision fee001c93f
    • Dart version 2.4.0

[✓] Android toolchain - develop for Android devices (Android SDK version 29.0.1)
    • Android SDK at C:\Users\Kingsman\AppData\Local\Android\sdk
    • Android NDK location not configured (optional; useful for native profiling support)
    • Platform android-29, build-tools 29.0.1
    • Java binary at: D:\Program_file\AndroidStudio\jre\bin\java
    • Java version OpenJDK Runtime Environment (build 1.8.0_152-release-1343-b01)
    • All Android licenses accepted.

[✓] Android Studio (version 3.4)
    • Android Studio at D:\Program_file\AndroidStudio
    • Flutter plugin version 37.1.1
    • Dart plugin version 183.6270
    • Java version OpenJDK Runtime Environment (build 1.8.0_152-release-1343-b01)

[!] IntelliJ IDEA Community Edition (version 2019.1)
    • IntelliJ at D:\Program_file\intellij\IntelliJ IDEA Community Edition 2019.1.1
    ✗ Flutter plugin not installed; this adds Flutter specific functionality.
    ✗ Dart plugin not installed; this adds Dart specific functionality.
    • For information about installing plugins, see
      https://flutter.dev/intellij-setup/#installing-the-plugins

[✓] Connected device (1 available)
    • GM1910 • 2e3d4ad3 • android-arm64 • Android 9 (API 28)

! Doctor found issues in 1 category.
```
